2024-10-07 14:00:31,562 - __main__ - WARNING - Entering word_info
2024-10-07 15:35:05,300 - __main__ - WARNING - Entering word_info
2024-10-07 15:38:55,887 - __main__ - WARNING - Entering word_info
2024-10-07 15:38:55,888 - __main__ - WARNING - The value of word is: hús
2024-10-07 15:40:36,823 - __main__ - WARNING - Entering word_info
2024-10-07 15:40:36,824 - __main__ - WARNING - The value of word is: kaka
2024-10-07 15:40:37,080 - __main__ - WARNING - The value of bin_response is: <Response [200]>
2024-10-07 15:42:22,300 - __main__ - WARNING - Entering word_info
2024-10-07 15:42:22,301 - __main__ - WARNING - The value of word is: samtal
2024-10-07 15:42:22,562 - __main__ - WARNING - The value of bin_response is: <Response [200]>
2024-10-07 15:42:22,562 - __main__ - WARNING - The value of inflection_data is: [{'ord': 'samtal', 'guid': 'ef0c860639cf692a25bf576ffc276415', 'ofl_heiti': 'nafnorð', 'ofl': 'no', 'kyn': 'hk', 'hluti': 'Almennt mál', 'hluti_id': 'ALM', 'skyring': 'hvorugkynsnafnorð', 'bmyndir': [{'g': 'NFET', 'b': 'samtal'}, {'g': 'NFETgr', 'b': 'samtalið'}, {'g': 'ÞFET', 'b': 'samtal'}, {'g': 'ÞFETgr', 'b': 'samtalið'}, {'g': 'ÞGFET', 'b': 'samtali'}, {'g': 'ÞGFETgr', 'b': 'samtalinu'}, {'g': 'EFET', 'b': 'samtals'}, {'g': 'EFETgr', 'b': 'samtalsins'}, {'g': 'NFFT', 'b': 'samtöl'}, {'g': 'NFFTgr', 'b': 'samtölin'}, {'g': 'ÞFFT', 'b': 'samtöl'}, {'g': 'ÞFFTgr', 'b': 'samtölin'}, {'g': 'ÞGFFT', 'b': 'samtölum'}, {'g': 'ÞGFFTgr', 'b': 'samtölunum'}, {'g': 'EFFT', 'b': 'samtala'}, {'g': 'EFFTgr', 'b': 'samtalanna'}]}]
2024-10-07 15:45:52,948 - __main__ - WARNING - Entering word_info
2024-10-07 15:45:52,948 - __main__ - WARNING - The value of word is: samtal
2024-10-07 15:45:53,194 - __main__ - WARNING - The value of bin_response is: <Response [200]>
2024-10-07 15:45:53,194 - __main__ - WARNING - The value of inflection_data is: [{'ord': 'samtal', 'guid': 'ef0c860639cf692a25bf576ffc276415', 'ofl_heiti': 'nafnorð', 'ofl': 'no', 'kyn': 'hk', 'hluti': 'Almennt mál', 'hluti_id': 'ALM', 'skyring': 'hvorugkynsnafnorð', 'bmyndir': [{'g': 'NFET', 'b': 'samtal'}, {'g': 'NFETgr', 'b': 'samtalið'}, {'g': 'ÞFET', 'b': 'samtal'}, {'g': 'ÞFETgr', 'b': 'samtalið'}, {'g': 'ÞGFET', 'b': 'samtali'}, {'g': 'ÞGFETgr', 'b': 'samtalinu'}, {'g': 'EFET', 'b': 'samtals'}, {'g': 'EFETgr', 'b': 'samtalsins'}, {'g': 'NFFT', 'b': 'samtöl'}, {'g': 'NFFTgr', 'b': 'samtölin'}, {'g': 'ÞFFT', 'b': 'samtöl'}, {'g': 'ÞFFTgr', 'b': 'samtölin'}, {'g': 'ÞGFFT', 'b': 'samtölum'}, {'g': 'ÞGFFTgr', 'b': 'samtölunum'}, {'g': 'EFFT', 'b': 'samtala'}, {'g': 'EFFTgr', 'b': 'samtalanna'}]}]
2024-10-07 15:49:06,821 - __main__ - WARNING - Entering word_info
2024-10-07 15:49:06,822 - __main__ - WARNING - The value of word is: mynd
2024-10-07 15:49:07,071 - __main__ - WARNING - The value of bin_response is: <Response [200]>
2024-10-07 15:49:07,072 - __main__ - WARNING - The value of inflection_data is: [{'ord': 'mynd', 'guid': '1da83bf09d21fc7b59c452e936389016', 'ofl_heiti': 'nafnorð', 'ofl': 'no', 'kyn': 'kvk', 'hluti': 'Almennt mál', 'hluti_id': 'ALM', 'skyring': 'kvenkynsnafnorð', 'bmyndir': [{'g': 'NFET', 'b': 'mynd'}, {'g': 'NFETgr', 'b': 'myndin'}, {'g': 'ÞFET', 'b': 'mynd'}, {'g': 'ÞFETgr', 'b': 'myndina'}, {'g': 'ÞGFET', 'b': 'mynd'}, {'g': 'ÞGFETgr', 'b': 'myndinni'}, {'g': 'EFET', 'b': 'myndar'}, {'g': 'EFETgr', 'b': 'myndarinnar'}, {'g': 'NFFT', 'b': 'myndir'}, {'g': 'NFFTgr', 'b': 'myndirnar'}, {'g': 'ÞFFT', 'b': 'myndir'}, {'g': 'ÞFFTgr', 'b': 'myndirnar'}, {'g': 'ÞGFFT', 'b': 'myndum'}, {'g': 'ÞGFFTgr', 'b': 'myndunum'}, {'g': 'EFFT', 'b': 'mynda'}, {'g': 'EFFTgr', 'b': 'myndanna'}]}]
2024-10-07 15:50:11,869 - __main__ - WARNING - Entering word_info
2024-10-07 15:50:11,870 - __main__ - WARNING - The value of word is: mynd
2024-10-07 15:50:12,124 - __main__ - WARNING - The value of bin_response is: <Response [200]>
2024-10-07 15:50:12,124 - __main__ - WARNING - The value of inflection_data is: [{'ord': 'mynd', 'guid': '1da83bf09d21fc7b59c452e936389016', 'ofl_heiti': 'nafnorð', 'ofl': 'no', 'kyn': 'kvk', 'hluti': 'Almennt mál', 'hluti_id': 'ALM', 'skyring': 'kvenkynsnafnorð', 'bmyndir': [{'g': 'NFET', 'b': 'mynd'}, {'g': 'NFETgr', 'b': 'myndin'}, {'g': 'ÞFET', 'b': 'mynd'}, {'g': 'ÞFETgr', 'b': 'myndina'}, {'g': 'ÞGFET', 'b': 'mynd'}, {'g': 'ÞGFETgr', 'b': 'myndinni'}, {'g': 'EFET', 'b': 'myndar'}, {'g': 'EFETgr', 'b': 'myndarinnar'}, {'g': 'NFFT', 'b': 'myndir'}, {'g': 'NFFTgr', 'b': 'myndirnar'}, {'g': 'ÞFFT', 'b': 'myndir'}, {'g': 'ÞFFTgr', 'b': 'myndirnar'}, {'g': 'ÞGFFT', 'b': 'myndum'}, {'g': 'ÞGFFTgr', 'b': 'myndunum'}, {'g': 'EFFT', 'b': 'mynda'}, {'g': 'EFFTgr', 'b': 'myndanna'}]}]
2024-10-07 15:55:31,775 - __main__ - WARNING - Entering word_info
2024-10-07 15:55:31,775 - __main__ - WARNING - The value of word is: mál
2024-10-07 15:55:32,033 - __main__ - WARNING - The value of bin_response is: <Response [200]>
2024-10-07 15:55:32,034 - __main__ - WARNING - The value of inflection_data is: [{'ord': 'mál', 'guid': 'f27b6bded5d7a85744f0058c2cde0e7f', 'ofl_heiti': 'nafnorð', 'ofl': 'no', 'kyn': 'hk', 'hluti': 'Almennt mál', 'hluti_id': 'ALM', 'skyring': 'hvorugkynsnafnorð', 'bmyndir': [{'g': 'NFET', 'b': 'mál'}, {'g': 'NFETgr', 'b': 'málið'}, {'g': 'ÞFET', 'b': 'mál'}, {'g': 'ÞFETgr', 'b': 'málið'}, {'g': 'ÞGFET', 'b': 'máli'}, {'g': 'ÞGFETgr', 'b': 'málinu'}, {'g': 'EFET', 'b': 'máls'}, {'g': 'EFETgr', 'b': 'málsins'}, {'g': 'NFFT', 'b': 'mál'}, {'g': 'NFFTgr', 'b': 'málin'}, {'g': 'ÞFFT', 'b': 'mál'}, {'g': 'ÞFFTgr', 'b': 'málin'}, {'g': 'ÞGFFT', 'b': 'málum'}, {'g': 'ÞGFFTgr', 'b': 'málunum'}, {'g': 'EFFT', 'b': 'mála'}, {'g': 'EFFTgr', 'b': 'málanna'}]}]
2024-10-07 15:55:32,146 - __main__ - ERROR - Error making API request: HTTPSConnectionPool(host='api.example.com', port=443): Max retries exceeded with url: /dictionary/m%C3%A1l (Caused by NameResolutionError("<urllib3.connection.HTTPSConnection object at 0x0000024D85611A90>: Failed to resolve 'api.example.com' ([Errno 11001] getaddrinfo failed)"))
